<label index="label_lesson_15_item1">El
pronombre indeterminado man</label>
<label index="label_lesson_15_item2">La
palabra  man
se emplea como pronombre indeterminado. En
alemán, existe solamente en singular y en nominativo.</label>
<label index="label_lesson_15_item3">La
palabra se ha derivado inicialmente de la palabra Mann,
sin embargo, hoy en día ya se ha perdido
dicha relación con el sustantivo. Como
expresión de la emancipación, a veces se sustituye el pronombre man
por frau
(con minúscula):</label>
<label index="label_lesson_15_item4">Los
pronombres indefinidos
jemand (alguien)
 y
niemand (nadie)</label>
<label index="label_lesson_15_item5">Al
igual que man,
la palabra jemand
tampoco denota ninguna persona determinada. Pero, a diferencia de
man,
jemand
alude siempre a una sola persona, nunca a un grupo de personas.
jemand
es una persona a  la que no se puede o no se quiere nombrar.</label>
<label index="label_lesson_15_item6">Jemand:
	a) No sé quién es la
persona.  

	o
	b) Sé quién es, pero
no quiero nombrar la persona.
	
La
negación de jemand
es niemand.


La
palabra niemand
ya conoce usted de la unidad 3. La hemos
utilizado como apellido y eso fue causa de un malentendido.</label>
<label index="label_lesson_15_item7">El
pronombre impersonal es</label>
<label index="label_lesson_15_item8">Ya
conoce usted la palabra es
como pronombre personal de la 3a
persona singular neutro:</label>
<label index="label_lesson_15_item9">Es
se emplea también como pronombre impersonal en singular.
Puede emplearse en
función de sujeto.</label>
<label index="label_lesson_15_item10">En las unidades
anteriores ya les hemos presentado algunas
expresiones que contienen es
en esa función:</label>
<label index="label_lesson_15_item11">El
pronombre como tal no tiene significado, pero sin él la oración no
tendría sentido completo ya que en alemán el sujeto no se omite.
Así pues, es
desempeña la función de sujeto en caso de que no se pueda nombrarse
ninguno.</label>
<label index="label_lesson_15_item12">El
verbo
lassen</label>
<label index="label_lesson_15_item13">El
verbo lassen
es un verbo importante por su significado y su uso frecuente.El verbo
se emplea normalmente como un verbo modal.</label>
<label index="label_lesson_15_item14">Así se conjuga:
	Presente
–  regular:</label>
<label index="label_lesson_15_item15">Perfecto
– siempre igual:</label>
<label index="label_lesson_15_item16">Atención:
Lassen
puede emplearse también como verbo en sentido completo, en este caso
el participio perfecto es gelassen.</label>
<label index="label_lesson_15_item17">A
veces, los alemanes confunden las dos funciones gramaticales y
entonces dicen: *Ich
habe es liegen gelassen. ¡No
se deje confundir!</label>
<label index="label_lesson_15_item18">El
pronombre reflexivo selbst</label>
<label index="label_lesson_15_item19">El
pronombre reflexivo acentuada selbst
resalta la identidad (mismo,-a):</label>
<label index="label_lesson_15_item20">El
pronombre reflexivo no acentuada selbst
se emplea en el sentido de incluso.</label>
<label index="label_lesson_15_item21">Busque en el vocabulario de las
unidades 6-15  todos los verbos con pronombre reflexivo. Escriba
los verbos por orden alfabético.</label>
<label index="label_lesson_15_item22">¿Qué palabras
acerca del tema naturaleza  ya ha aprendido usted? Apúntelas.</label>
<label index="label_lesson_15_item23">El
pronombre indeterminado man</label>
<label index="label_lesson_15_item24">La
palabra  man
se emplea como pronombre indeterminado. En
alemán, existe solamente en singular y en nominativo.</label>
<label index="label_lesson_15_item25">La
palabra se ha derivado inicialmente de la palabra Mann,
sin embargo, hoy en día ya se ha perdido
dicha relación con el sustantivo. Como
expresión de la emancipación, a veces se sustituye el pronombre man
por frau
(con minúscula):</label>
<label index="label_lesson_15_item26">Los
pronombres indefinidos
jemand (alguien)
 y
niemand (nadie)</label>
<label index="label_lesson_15_item27">Al
igual que man,
la palabra jemand
tampoco denota ninguna persona determinada. Pero, a diferencia de
man,
jemand
alude siempre a una sola persona, nunca a un grupo de personas.
jemand
es una persona a  la que no se puede o no se quiere nombrar.</label>
<label index="label_lesson_15_item28">Jemand:
	a) No sé quién es la
persona.  

	o
	b) Sé quién es, pero
no quiero nombrar la persona.
	
La
negación de jemand
es niemand.


La
palabra niemand
ya conoce usted de la unidad 3. La hemos
utilizado como apellido y eso fue causa de un malentendido.</label>
<label index="label_lesson_15_item29">El
pronombre impersonal es</label>
<label index="label_lesson_15_item30">Ya
conoce usted la palabra es
como pronombre personal de la 3a
persona singular neutro:</label>
<label index="label_lesson_15_item31">Es
se emplea también como pronombre impersonal en singular.
Puede emplearse en
función de sujeto.</label>
<label index="label_lesson_15_item32">En las unidades
anteriores ya les hemos presentado algunas
expresiones que contienen es
en esa función:</label>
<label index="label_lesson_15_item33">El
pronombre como tal no tiene significado, pero sin él la oración no
tendría sentido completo ya que en alemán el sujeto no se omite.
Así pues, es
desempeña la función de sujeto en caso de que no se pueda nombrarse
ninguno.</label>
<label index="label_lesson_15_item34">El
verbo
lassen</label>
<label index="label_lesson_15_item35">El
verbo lassen
es un verbo importante por su significado y su uso frecuente.El verbo
se emplea normalmente como un verbo modal.</label>
<label index="label_lesson_15_item36">Así se conjuga:
	Presente
–  regular:</label>
<label index="label_lesson_15_item37">Perfecto
– siempre igual:</label>
<label index="label_lesson_15_item38">Atención:
Lassen
puede emplearse también como verbo en sentido completo, en este caso
el participio perfecto es gelassen.</label>
<label index="label_lesson_15_item39">A
veces, los alemanes confunden las dos funciones gramaticales y
entonces dicen: *Ich
habe es liegen gelassen. ¡No
se deje confundir!</label>
<label index="label_lesson_15_item40">El
pronombre reflexivo selbst</label>
<label index="label_lesson_15_item41">El
pronombre reflexivo acentuada selbst
resalta la identidad (mismo,-a):</label>
<label index="label_lesson_15_item42">El
pronombre reflexivo no acentuada selbst
se emplea en el sentido de incluso.</label>
<label index="label_lesson_15_item43">Busque en el vocabulario de las
unidades 6-15  todos los verbos con pronombre reflexivo. Escriba
los verbos por orden alfabético.</label>
<label index="label_lesson_15_item44">¿Qué palabras
acerca del tema naturaleza  ya ha aprendido usted? Apúntelas.</label>
